#
# A fatal error has been detected by the Java Runtime Environment:
#
#  Internal Error (classFileParser.cpp:3494), pid=7836, tid=9080
#  Error: ShouldNotReachHere()
#
# JRE version: 6.0_45-b06
# Java VM: Java HotSpot(TM) 64-Bit Server VM (20.45-b01 mixed mode windows-amd64 compressed oops)
# If you would like to submit a bug report, please visit:
#   http://java.sun.com/webapps/bugreport/crash.jsp
#

---------------  T H R E A D  ---------------

Current thread (0x00000000005fc800):  JavaThread "Unknown thread" [_thread_in_vm, id=9080, stack(0x0000000002040000,0x0000000002140000)]

Stack: [0x0000000002040000,0x0000000002140000]
[error occurred during error reporting (printing stack bounds), id 0xc0000005]


---------------  P R O C E S S  ---------------

Java Threads: ( => current thread )

Other Threads:

=>0x00000000005fc800 (exited) JavaThread "Unknown thread" [_thread_in_vm, id=9080, stack(0x0000000002040000,0x0000000002140000)]

VM state:not at safepoint (not fully initialized)

VM Mutex/Monitor currently owned by a thread: None

Dynamic libraries:
0x0000000000400000 - 0x000000000042f000 	E:\Java\jre6\bin\javaw.exe
0x0000000077260000 - 0x0000000077409000 	C:\Windows\SYSTEM32\ntdll.dll
0x0000000077140000 - 0x0000000077260000 	C:\Windows\system32\kernel32.dll
0x000007fefd460000 - 0x000007fefd4cc000 	C:\Windows\system32\KERNELBASE.dll
0x000007fefdc90000 - 0x000007fefdd6b000 	C:\Windows\system32\ADVAPI32.dll
0x000007fefe5c0000 - 0x000007fefe65f000 	C:\Windows\system32\msvcrt.dll
0x000007fefe070000 - 0x000007fefe08f000 	C:\Windows\SYSTEM32\sechost.dll
0x000007fefe430000 - 0x000007fefe55d000 	C:\Windows\system32\RPCRT4.dll
0x0000000077040000 - 0x000000007713a000 	C:\Windows\system32\USER32.dll
0x000007fefe1e0000 - 0x000007fefe247000 	C:\Windows\system32\GDI32.dll
0x000007fefe0a0000 - 0x000007fefe0ae000 	C:\Windows\system32\LPK.dll
0x000007fefdbc0000 - 0x000007fefdc8a000 	C:\Windows\system32\USP10.dll
0x000007fefdfa0000 - 0x000007fefdfce000 	C:\Windows\system32\IMM32.DLL
0x000007fefd570000 - 0x000007fefd679000 	C:\Windows\system32\MSCTF.dll
0x000007fefd120000 - 0x000007fefd152000 	C:\Windows\system32\nvinitx.dll
0x000007fefd110000 - 0x000007fefd11c000 	C:\Windows\system32\VERSION.dll
0x000000000f000000 - 0x000000000f006000 	C:\Program Files\NVIDIA Corporation\CoProcManager\detoured.dll
0x000007fef9fb0000 - 0x000007fef9fe2000 	C:\Program Files\NVIDIA Corporation\CoProcManager\nvd3d9wrapx.dll
0x000007fefe250000 - 0x000007fefe427000 	C:\Windows\system32\SETUPAPI.dll
0x000007fefd2b0000 - 0x000007fefd2e6000 	C:\Windows\system32\CFGMGR32.dll
0x000007fefe660000 - 0x000007fefe737000 	C:\Windows\system32\OLEAUT32.dll
0x000007fefd680000 - 0x000007fefd883000 	C:\Windows\system32\ole32.dll
0x000007fefd550000 - 0x000007fefd56a000 	C:\Windows\system32\DEVOBJ.dll
0x000007fef9f80000 - 0x000007fef9fa2000 	C:\Program Files\NVIDIA Corporation\CoProcManager\nvdxgiwrapx.dll
0x000000006d830000 - 0x000000006dfec000 	E:\Java\jre6\bin\server\jvm.dll
0x000007fefaf90000 - 0x000007fefafcb000 	C:\Windows\system32\WINMM.dll
0x000000006d7a0000 - 0x000000006d7ae000 	E:\Java\jre6\bin\verify.dll
0x000000006d3c0000 - 0x000000006d3e7000 	E:\Java\jre6\bin\java.dll
0x000000006d430000 - 0x000000006d464000 	E:\Java\jre6\bin\jdwp.dll
0x000000006d650000 - 0x000000006d658000 	E:\Java\jre6\bin\npt.dll
0x000000006d7f0000 - 0x000000006d802000 	E:\Java\jre6\bin\zip.dll
0x0000000077430000 - 0x0000000077437000 	C:\Windows\system32\PSAPI.DLL

VM Arguments:
jvm_args: -agentlib:jdwp=transport=dt_socket,suspend=y,address=localhost:63400 -Dfile.encoding=UTF-8 -Xbootclasspath:E:\android\adt-bundle-windows-x86_64-20140702\sdk\platforms\android-20\android.jar 
java_command: com.example.postgpscarinfoforinstaller.test
Launcher Type: SUN_STANDARD

Environment Variables:
JAVA_HOME=E:\Java\jdk1.6.0_45
CLASSPATH=.;E:\Java\jdk1.6.0_45\lib;E:\Java\jdk1.6.0_45\lib\tools.jar
PATH=C:\Windows\system32;C:\Windows;C:\Windows\System32\Wbem;C:\Windows\System32\WindowsPowerShell\v1.0\;E:\Java\jdk1.6.0_45\bin;E:\Java\jdk1.6.0_45\jre\bin;D:\TortoiseSVN\bin;D:\nodejs\;C:\Users\Administrator.PC-20160119PEPX\AppData\Roaming\npm
USERNAME=Administrator
OS=Windows_NT
PROCESSOR_IDENTIFIER=Intel64 Family 6 Model 58 Stepping 9, GenuineIntel



---------------  S Y S T E M  ---------------

OS: Windows 7 , 64 bit Build 7601 Service Pack 1

CPU:total 4 (2 cores per cpu, 2 threads per core) family 6 model 58 stepping 9, cmov, cx8, fxsr, mmx, sse, sse2, sse3, ssse3, sse4.1, sse4.2, popcnt, ht

Memory: 4k page, physical 4077084k(1242616k free), swap 8152332k(4103792k free)

vm_info: Java HotSpot(TM) 64-Bit Server VM (20.45-b01) for windows-amd64 JRE (1.6.0_45-b06), built on Apr  1 2013 12:31:37 by "java_re" with MS VC++ 8.0 (VS2005)

time: Fri May 27 10:42:16 2016
elapsed time: 0 seconds

